23081
15527
9143
7537
6484
5675
5035
4317
3887
3709
3357
3005
2933
2763
2565
2285
2022
1796
1659
1570
1438
1358
1319
1248
1193
1104
1077
1042
1013
991
887
798
773
738
725
718
689
679
631
623
613
611
583
568
541
529
500
472
468
453
442
417
411
402
391
390
365
355
354
320
314
313
304
303
292
288
277
275
264
263
262
261
259
255
225
221
210
202
192
184
177
172
170
163
162
155
150
148
143
141
141
139
129
124
115
111
106
103
102
100
97
95
90
89
86
85
81
79
78
78
75
71
71
70
70
69
68
67
57
55
54
53
51
51
49
49
47
47
46
38
38
33
33
33
33
31
28
24
22
14
11
10
9
9
8
7
7
6
5
1
