32167
21456
16081
12728
10642
9043
7872
7078
6346
5747
5313
4810
4485
4141
3917
3647
3424
3322
3111
2944
2819
2707
2524
2451
2355
2264
2160
2077
2017
1905
1845
1764
1693
1690
1631
1598
1523
1480
1463
1425
1350
1338
1306
1287
1250
1213
1187
1162
1159
1093
1070
1052
1048
1044
1012
1010
994
958
947
915
893
876
857
844
822
808
782
774
769
758
748
737
729
724
713
702
694
685
656
646
646
634
621
613
609
606
592
591
582
560
553
545
541
538
536
519
517
516
511
510
508
507
497
495
474
460
453
449
447
446
445
441
441
431
422
420
414
411
410
406
403
394
391
389
388
387
378
374
364
358
356
349
344
342
340
336
333
333
331
329
329
328
326
324
322
320
317
315
313
311
310
309
306
305
303
297
296
295
289
288
282
281
275
274
268
260
253
252
249
242
241
240
238
237
234
230
230
229
227
225
224
224
219
218
218
217
216
212
212
206
205
204
204
203
203
202
202
199
195
193
188
185
184
182
182
181
181
176
175
175
172
171
171
171
168
166
164
163
161
158
155
153
153
153
152
151
149
147
146
145
142
142
141
138
137
136
136
132
131
130
130
130
130
129
129
128
127
126
124
123
121
120
120
117
117
116
116
114
113
111
109
108
107
106
106
105
105
105
104
104
104
104
103
101
100
100
99
99
97
97
95
95
94
93
92
92
91
90
88
88
87
87
87
83
83
83
82
79
79
79
79
79
78
77
76
76
75
74
74
73
72
71
70
70
68
68
67
67
66
66
65
65
64
63
63
62
61
61
60
60
59
59
58
58
58
58
57
57
56
56
55
55
55
54
54
54
53
53
53
53
53
52
52
52
51
50
49
49
49
48
47
47
46
45
44
44
43
42
42
42
40
40
40
39
39
39
38
38
38
37
37
37
37
37
37
35
34
34
33
33
32
31
31
31
31
30
30
30
29
29
29
29
28
27
27
27
27
26
26
25
25
25
24
24
24
23
23
23
23
23
23
22
22
22
21
19
19
19
18
18
17
17
17
17
17
16
16
15
15
15
14
14
13
12
11
11
11
10
10
10
10
9
9
9
8
8
7
7
7
6
5
5
5
5
4
4
4
3
3
3
2
2
2
2
1
1
1
1
1
