49868
33109
24753
19838
16437
14183
12329
10878
9817
8876
8063
7534
6921
6538
5990
5673
5206
5086
4680
4597
4315
4116
4004
3809
3632
3447
3388
3262
3134
3060
2850
2730
2681
2653
2555
2536
2481
2330
2265
2211
2174
2073
2053
2020
1944
1935
1920
1894
1776
1714
1677
1675
1645
1612
1602
1530
1488
1467
1432
1374
1329
1307
1298
1255
1252
1246
1223
1217
1217
1214
1130
1128
1127
1102
1029
1027
1017
1008
1001
980
979
967
956
953
948
917
909
878
871
853
841
829
819
818
805
797
785
784
774
774
772
758
749
748
712
709
709
702
701
692
678
677
675
673
671
669
664
653
638
628
616
613
604
599
595
564
563
545
539
533
513
513
512
511
493
488
487
486
485
484
483
480
475
472
471
468
465
463
462
459
441
434
434
434
428
428
412
407
406
402
388
387
385
382
378
370
370
370
367
363
352
350
348
346
342
342
340
338
335
330
325
324
324
324
320
311
311
304
302
295
284
282
280
277
276
273
273
272
270
268
267
260
258
257
257
256
254
250
250
247
243
242
242
240
235
235
235
230
229
229
229
227
224
223
221
219
218
218
217
216
215
214
213
210
210
208
204
201
196
196
196
193
193
193
192
191
189
187
182
182
180
179
178
176
176
175
175
172
171
171
170
169
167
167
166
165
165
163
158
156
155
152
151
151
151
149
147
146
145
142
142
141
137
137
137
133
133
132
131
130
130
129
127
125
125
124
124
121
119
118
117
117
114
114
113
113
112
112
111
111
109
108
107
106
106
105
104
103
103
102
100
99
99
98
98
97
96
96
96
95
95
95
92
92
91
90
90
88
87
86
85
85
85
83
82
81
81
80
80
79
79
79
78
76
76
75
72
72
71
69
69
68
67
66
65
65
64
64
64
64
61
59
58
57
56
56
56
55
55
55
54
54
53
53
53
51
50
50
49
48
48
48
47
47
47
46
46
46
45
43
43
43
43
43
41
40
40
40
38
37
37
37
37
37
37
36
36
36
35
35
33
31
31
30
30
30
29
29
29
28
28
28
27
26
25
25
24
24
24
24
24
23
23
23
22
22
20
20
19
18
18
17
17
17
17
16
15
15
15
15
12
12
12
10
10
10
9
9
9
9
8
8
8
8
7
7
6
6
6
6
6
5
5
5
4
4
3
2
2
