25480
16897
12696
10076
8331
7168
6314
5605
5030
4505
4113
3777
3533
3309
3108
2874
2676
2612
2412
2332
2199
2107
1994
1949
1861
1782
1728
1632
1596
1506
1504
1450
1340
1332
1313
1299
1254
1191
1179
1154
1105
1070
1049
1041
991
964
945
909
906
890
856
829
826
821
814
791
787
774
737
732
716
716
672
661
654
616
615
614
603
589
589
577
577
574
562
557
538
530
526
506
504
498
486
485
483
478
470
462
454
444
437
429
428
417
416
413
402
394
394
391
388
388
385
371
370
369
367
366
362
359
355
342
342
334
333
331
319
314
312
310
307
305
302
296
292
290
284
282
280
277
276
273
267
265
263
263
263
261
260
257
248
248
248
246
245
243
242
237
234
230
228
224
224
223
212
212
211
209
206
205
205
197
197
195
195
193
193
192
187
184
183
182
180
178
177
175
173
172
170
170
161
156
154
153
151
151
149
147
145
144
142
142
142
141
140
138
138
136
131
128
128
128
122
122
122
121
121
121
121
113
112
111
111
111
110
110
109
109
109
108
108
108
106
106
106
106
104
104
103
102
102
101
101
101
100
100
98
96
96
94
92
92
91
91
91
90
87
84
84
83
81
81
81
80
80
80
79
78
77
76
76
76
75
74
70
70
69
68
68
68
67
67
66
65
65
65
64
64
62
61
61
60
60
60
58
57
57
55
54
53
52
52
52
49
49
48
48
47
47
45
45
45
44
44
44
41
41
41
41
41
40
39
39
38
38
38
38
38
36
36
35
34
34
33
31
31
30
30
30
29
29
28
27
27
27
27
27
26
26
26
25
25
25
25
24
24
23
23
23
23
21
21
20
20
20
19
19
19
19
18
18
17
17
17
16
16
15
15
14
13
13
12
12
12
11
11
11
11
11
11
11
10
10
10
9
9
9
7
7
6
6
5
5
4
4
4
4
4
4
3
3
2
2
2
1
1
1
