373651
249119
186569
149305
124397
106496
93004
82588
74024
67168
61848
56625
52848
49103
45829
43353
40696
38497
36764
34511
33261
31690
30625
28985
27851
27113
26093
24987
24130
23449
22587
21935
21172
20640
19974
19708
18901
18433
17946
17466
16783
16702
16133
16049
15524
15341
14999
14198
13915
13578
13381
13229
12678
12603
12171
12141
11932
11837
11669
11395
11068
10621
10559
10458
10230
10188
10042
9793
9503
9376
9373
9149
9148
9021
8884
8846
8564
8516
8344
8096
7865
7722
7672
7633
7567
7559
7373
7247
7128
7083
7026
6951
6891
6790
6784
6609
6494
6416
6407
6309
6131
6126
6068
6068
6046
6020
5908
5882
5833
5824
5790
5722
5700
5578
5494
5393
5382
5379
5317
5286
5223
5105
5070
4987
4960
4920
4841
4796
4729
4663
4656
4599
4504
4496
4419
4412
4407
4375
4353
4335
4273
4223
4220
4185
4141
4140
4121
4085
4027
4014
3954
3937
3937
3917
3914
3900
3876
3809
3798
3792
3780
3705
3600
3566
3560
3560
3501
3495
3479
3464
3462
3449
3443
3417
3402
3374
3312
3293
3283
3271
3263
3259
3224
3212
3158
3144
3131
3130
3122
3095
3078
3074
3065
3063
3045
3000
2980
2946
2930
2927
2884
2882
2843
2843
2828
2817
2816
2808
2764
2756
2750
2740
2727
2705
2703
2688
2685
2648
2632
2618
2611
2611
2611
2604
2598
2589
2553
2523
2489
2473
2453
2444
2423
2417
2375
2373
2361
2343
2269
2264
2263
2236
2228
2223
2220
2202
2202
2184
2176
2170
2165
2161
2151
2124
2114
2093
2086
2070
2069
2054
2050
2048
2046
2043
2042
1994
1983
1975
1969
1956
1953
1945
1945
1939
1923
1912
1885
1874
1869
1869
1856
1830
1822
1816
1797
1792
1781
1779
1768
1764
1762
1755
1735
1731
1730
1720
1718
1707
1707
1700
1697
1679
1673
1670
1666
1655
1653
1650
1644
1636
1630
1615
1595
1593
1590
1576
1571
1564
1564
1559
1559
1555
1551
1550
1550
1534
1530
1515
1508
1497
1478
1474
1471
1462
1458
1450
1444
1436
1425
1424
1422
1410
1404
1401
1397
1391
1383
1373
1371
1370
1363
1361
1356
1343
1341
1337
1336
1333
1326
1325
1320
1310
1291
1289
1281
1281
1276
1271
1268
1256
1252
1250
1243
1242
1234
1233
1203
1200
1197
1185
1183
1173
1171
1168
1166
1150
1149
1147
1147
1142
1137
1109
1107
1104
1102
1092
1088
1087
1087
1078
1077
1077
1072
1062
1056
1052
1049
1045
1044
1034
1034
1032
1031
1029
1023
1022
1021
1012
1009
1009
1003
998
998
997
992
977
971
971
963
954
952
942
941
941
935
934
933
931
917
913
909
907
905
892
888
883
881
875
864
859
857
856
853
848
846
845
842
840
838
832
830
828
828
827
823
820
813
809
807
806
787
784
777
775
771
767
767
764
762
760
757
754
753
748
747
742
739
739
733
728
727
718
716
709
707
705
702
700
699
687
686
683
681
679
673
671
666
664
662
657
653
640
635
631
629
624
619
616
615
614
609
609
609
607
606
606
601
598
597
597
597
594
593
592
591
589
589
587
581
580
577
577
572
572
568
567
567
565
564
560
559
559
558
557
556
542
540
539
539
537
536
534
534
532
532
524
522
520
519
517
516
515
515
513
513
508
508
508
507
500
500
497
496
491
490
488
483
482
481
479
479
477
473
472
471
466
463
463
463
462
461
461
461
461
461
460
456
455
453
453
448
445
445
443
442
440
437
437
435
432
432
431
427
427
422
421
419
416
416
416
414
412
412
410
409
409
409
401
401
398
398
397
395
394
393
391
391
391
389
389
388
384
382
382
381
379
373
373
372
368
366
363
363
361
358
357
354
347
346
345
342
341
336
336
336
335
334
333
332
331
324
324
323
323
321
320
320
319
316
315
315
314
314
309
309
309
308
302
298
294
294
293
291
289
288
282
281
280
279
279
276
276
270
268
268
268
265
263
260
257
257
257
257
252
246
246
246
245
245
245
244
244
242
242
242
240
238
237
234
234
232
231
230
230
230
227
225
225
223
221
220
219
216
215
212
212
211
210
210
207
206
205
202
202
200
196
195
195
195
193
192
191
189
188
188
186
183
182
182
181
181
180
178
178
176
176
175
175
174
172
171
169
167
166
165
165
165
165
164
163
162
160
160
159
159
158
157
156
156
155
154
153
151
151
149
148
147
146
145
144
143
143
143
143
140
139
137
137
136
134
133
133
132
131
130
127
127
127
124
124
122
121
121
120
116
115
114
111
109
108
105
105
104
103
101
97
95
95
95
94
92
88
87
85
85
83
83
82
81
81
79
79
78
78
77
76
74
73
72
72
71
71
69
68
67
66
66
66
64
63
63
62
61
61
61
61
59
58
57
57
55
53
53
52
52
51
49
49
49
48
48
47
47
46
46
45
42
42
42
41
40
36
34
34
34
33
29
29
28
28
28
27
27
26
26
24
23
22
20
19
19
17
16
16
14
14
12
12
12
11
11
9
7
7
6
2
1
1
