654446
489824
389795
325954
243150
216688
194091
175972
162114
147572
128814
119046
113334
106171
99808
95682
90229
86961
83247
79971
76133
71697
70520
65077
61853
60378
57788
56315
55854
53772
52805
50695
49002
47483
46627
45415
44066
39889
38057
37987
37275
34702
34626
33830
33006
31485
31114
30998
30101
29485
28741
28246
27658
27301
25995
25795
25642
25608
25415
24963
24899
24610
23715
22965
22801
22527
22116
21794
21669
20841
20841
20441
20236
19271
19218
18966
18631
18504
18429
18271
18237
18107
17897
17535
17035
16733
16529
16443
15713
15445
15271
15170
14824
14774
14770
14552
14431
14383
14208
14078
13748
13695
13323
13127
12795
12724
12675
12350
12320
12266
12194
12134
12115
12091
12079
12022
12020
11879
11778
11590
11465
10995
10978
10720
10715
10645
10386
10264
10026
9819
9748
9675
9586
9469
9399
9301
9238
9226
9075
8886
8868
8764
8747
8744
8723
8691
8686
8683
8622
8619
8587
8546
8514
8411
8401
8266
7959
7955
7813
7651
7621
7592
7510
7337
7268
7249
7223
7215
7208
7196
7122
7115
7078
7026
6957
6935
6918
6764
6727
6680
6677
6654
6634
6624
6501
6456
6305
6284
6213
6172
6108
6099
5968
5928
5878
5864
5845
5840
5835
5811
5770
5696
5693
5620
5607
5562
5549
5533
5513
5487
5486
5416
5399
5365
5359
5337
5163
5146
5118
5093
5059
5029
4981
4865
4825
4788
4753
4735
4692
4683
4665
4650
4626
4620
4570
4567
4562
4533
4528
4492
4428
4428
4363
4358
4293
4272
4247
4212
4160
4107
4105
4104
4089
4087
4070
4055
4049
4042
4033
3987
3977
3963
3955
3953
3936
3924
3917
3873
3805
3769
3759
3746
3736
3672
3664
3646
3579
3522
3488
3479
3459
3438
3407
3376
3349
3328
3283
3268
3195
3167
3164
3161
3128
3112
3086
3083
3083
3057
3054
3038
3023
3007
2986
2977
2976
2968
2946
2946
2939
2936
2784
2772
2714
2681
2680
2675
2667
2666
2659
2641
2638
2619
2610
2609
2605
2590
2589
2587
2567
2543
2538
2533
2524
2519
2496
2443
2416
2361
2312
2309
2299
2295
2285
2284
2280
2275
2259
2253
2232
2221
2218
2206
2195
2175
2123
2100
2100
2087
2085
2071
2059
2055
2051
2048
2045
2040
2037
2031
2022
1991
1982
1952
1952
1924
1921
1919
1913
1912
1912
1909
1908
1889
1881
1859
1856
1842
1837
1787
1783
1779
1778
1771
1770
1765
1757
1754
1725
1713
1698
1695
1683
1683
1680
1635
1632
1629
1619
1573
1550
1548
1546
1533
1533
1527
1504
1470
1469
1463
1462
1455
1445
1445
1443
1438
1437
1418
1410
1395
1384
1374
1362
1354
1354
1341
1335
1331
1330
1321
1291
1269
1267
1253
1252
1250
1225
1213
1179
1174
1166
1146
1141
1140
1137
1137
1131
1125
1122
1101
1093
1088
1083
1074
1066
1060
1056
1054
1049
1037
1032
1031
1030
1002
967
965
957
954
935
913
910
907
906
901
900
889
859
842
836
827
826
802
789
779
771
757
753
743
741
738
733
722
715
711
690
671
666
657
644
622
618
608
605
604
602
596
594
585
574
566
562
558
557
548
546
543
535
531
515
509
506
505
502
488
484
483
466
464
459
457
435
419
404
403
391
391
381
364
360
344
339
338
335
332
331
320
310
308
308
282
280
279
279
265
260
259
253
249
247
246
244
244
242
241
236
236
235
233
226
218
209
207
200
199
194
193
182
179
174
170
170
157
156
152
147
143
143
143
141
140
134
132
130
125
124
119
118
116
116
113
104
100
99
97
93
91
87
87
82
81
71
55
40
37
35
26
25
25
21
19
19
18
14
11
