208121
139146
59063
51362
45697
34410
31521
29019
27397
23988
22427
21590
20380
19275
18018
16792
15930
14712
13741
13192
12895
12360
11879
11183
10817
10513
10279
10177
9958
9316
8342
8250
7897
7646
7560
7399
7331
7105
6915
6873
6845
6490
6359
6110
6035
6008
5891
5802
5624
5565
5502
5096
5056
4917
4721
4720
4690
4649
4635
4322
4268
4138
3922
3803
3734
3540
3407
3321
3290
3265
3148
3130
3094
3089
3066
3042
3004
2992
2960
2902
2846
2821
2759
2695
2685
2651
2524
2419
2380
2369
2364
2357
2344
2314
2280
2249
2223
2212
2200
2166
2116
2093
2067
2047
2047
1963
1921
1894
1889
1881
1858
1834
1816
1802
1800
1793
1787
1772
1767
1727
1695
1695
1693
1692
1689
1613
1604
1579
1575
1510
1488
1483
1442
1420
1412
1389
1371
1358
1357
1351
1350
1350
1299
1297
1284
1279
1268
1226
1205
1160
1153
1091
1065
1027
1018
1017
974
943
939
939
914
910
899
893
890
885
884
873
866
863
851
850
819
802
772
762
748
735
717
709
704
703
699
698
687
681
659
659
648
644
639
631
625
623
613
609
598
595
585
579
570
568
563
557
554
548
543
531
528
525
513
510
509
504
498
489
485
483
482
477
472
464
463
460
455
451
439
439
431
423
423
420
411
400
400
385
382
378
356
355
351
343
340
339
338
337
336
336
325
323
323
322
307
300
298
297
288
287
283
279
278
271
264
262
257
248
248
237
235
232
231
229
228
222
219
219
213
209
207
201
199
197
196
195
193
192
189
188
187
185
181
181
169
165
164
162
158
156
156
155
151
148
146
145
144
137
126
123
118
117
103
103
103
101
100
98
97
94
92
88
87
86
85
77
74
74
74
69
67
64
64
62
62
61
60
59
55
55
45
38
37
32
31
29
28
28
26
23
20
20
19
19
16
16
15
13
12
12
11
9
9
9
9
4
3
3
2
