501410
373420
184526
164713
149050
134170
123468
105789
97553
91229
86242
79908
76091
65542
62481
58362
54956
50966
48906
48055
46745
44510
43198
42182
40289
39106
38378
37208
36408
34156
32597
30848
29190
28836
27985
27921
27256
26601
26104
25458
25066
23972
23669
23414
23038
21483
20685
20541
19865
19116
18910
18465
18125
17658
17082
16668
16561
15882
15774
15668
15109
14929
14847
14556
14491
13741
13639
13475
13224
13165
13154
12925
12878
12580
12509
12384
12124
11503
11444
11404
11402
11281
11279
11196
10898
10753
10695
10297
10105
10051
9875
9800
9723
9663
9623
9606
9311
9144
9142
9039
8908
8868
8837
8685
8650
8545
8322
8071
8019
8016
8008
7984
7830
7792
7672
7583
7522
7515
7451
7362
7314
7276
6915
6830
6719
6609
6595
6548
6504
6457
6373
6370
6106
6098
6014
5855
5754
5694
5587
5581
5554
5549
5387
5275
5263
5224
5123
4844
4809
4809
4760
4757
4724
4705
4657
4635
4633
4626
4554
4553
4524
4509
4487
4476
4457
4406
4403
4377
3987
3911
3880
3788
3748
3746
3740
3725
3716
3697
3675
3603
3591
3566
3554
3385
3296
3290
3275
3249
3215
3200
3128
3089
3081
3080
3072
3070
3068
2944
2928
2892
2891
2879
2865
2853
2806
2802
2671
2649
2620
2619
2607
2592
2586
2571
2557
2539
2534
2474
2431
2421
2418
2415
2380
2353
2344
2339
2335
2331
2327
2323
2303
2291
2282
2281
2277
2224
2223
2191
2168
2167
2165
2140
2018
1992
1982
1978
1956
1950
1903
1872
1823
1817
1813
1807
1787
1784
1774
1771
1753
1741
1715
1713
1711
1698
1694
1687
1663
1659
1637
1627
1625
1577
1567
1566
1551
1546
1544
1493
1478
1466
1449
1441
1429
1428
1424
1389
1360
1354
1349
1324
1300
1273
1270
1261
1260
1253
1252
1246
1240
1238
1224
1171
1158
1149
1119
1115
1109
1106
1101
1093
1086
1068
1054
1052
1037
1015
993
985
973
966
943
907
896
894
889
883
875
874
871
843
821
808
806
767
755
754
750
747
745
743
741
732
729
729
727
727
727
716
712
709
707
702
665
663
657
633
622
618
586
579
577
576
562
549
549
547
537
528
525
521
511
495
492
490
482
468
461
457
456
448
440
434
400
392
388
386
374
370
363
339
332
320
302
298
287
270
268
264
257
254
254
252
250
247
246
243
241
229
226
222
221
221
215
209
206
205
190
184
184
165
157
156
155
154
149
142
131
118
93
83
79
73
71
71
69
65
61
45
42
30
27
23
23
19
5
3
