1998004
1330672
999000
799200
663340
571428
499500
443556
399600
363636
331668
307692
283716
263736
247752
231768
219780
207792
199800
187812
179820
171828
163836
159840
151848
147852
139860
135864
131868
127872
123876
119880
115884
111888
107892
107892
103896
99900
99900
95904
91908
91908
87912
87912
83916
83916
79920
79920
79920
75924
75924
71928
71928
71928
67932
67932
67932
63936
63936
63936
63936
59940
59940
59940
59940
55944
55944
55944
55944
55944
51948
51948
51948
51948
51948
51948
47952
47952
47952
47952
47952
47952
43956
43956
43956
43956
43956
43956
43956
43956
39960
39960
39960
39960
39960
39960
39960
39960
39960
35964
35964
35964
35964
35964
35964
35964
35964
35964
35964
35964
31968
31968
31968
31968
31968
31968
31968
31968
31968
31968
31968
31968
31968
31968
27972
27972
27972
27972
27972
27972
27972
27972
27972
27972
27972
27972
27972
27972
27972
27972
27972
27972
23976
23976
23976
23976
23976
23976
23976
23976
23976
23976
23976
23976
23976
23976
23976
23976
23976
23976
23976
23976
23976
23976
23976
19984
19980
19980
19980
19980
19980
19980
19980
19980
19980
19980
19980
19980
19980
19980
19980
19980
19980
19980
19980
19980
19980
19980
19980
19980
19980
19980
19980
19980
19980
19980
19980
19980
19980
15984
15984
15984
15984
15984
15984
15984
15984
15984
15984
15984
15984
15984
15984
15984
15984
15984
15984
15984
15984
15984
15984
15984
15984
15984
15984
15984
15984
15984
15984
15984
15984
15984
15984
15984
15984
15984
15984
15984
15984
15984
15984
15984
15984
15984
15984
15984
15984
15984
15984
11988
11988
11988
11988
11988
11988
11988
11988
11988
11988
11988
11988
11988
11988
11988
11988
11988
11988
11988
11988
11988
11988
11988
11988
11988
11988
11988
11988
11988
11988
11988
11988
11988
11988
11988
11988
11988
11988
11988
11988
11988
11988
11988
11988
11988
11988
11988
11988
11988
11988
11988
11988
11988
11988
11988
11988
11988
11988
11988
11988
11988
11988
11988
11988
11988
11988
11988
11988
11988
11988
11988
11988
11988
11988
11988
11988
11988
11988
11988
11988
11988
11988
11988
7996
7992
7992
7992
7992
7992
7992
7992
7992
7992
7992
7992
7992
7992
7992
7992
7992
7992
7992
7992
7992
7992
7992
7992
7992
7992
7992
7992
7992
7992
7992
7992
7992
7992
7992
7992
7992
7992
7992
7992
7992
7992
7992
7992
7992
7992
7992
7992
7992
7992
7992
7992
7992
7992
7992
7992
7992
7992
7992
7992
7992
7992
7992
7992
7992
7992
7992
7992
7992
7992
7992
7992
7992
7992
7992
7992
7992
7992
7992
7992
7992
7992
7992
7992
7992
7992
7992
7992
7992
7992
7992
7992
7992
7992
7992
7992
7992
7992
7992
7992
7992
7992
7992
7992
7992
7992
7992
7992
7992
7992
7992
7992
7992
7992
7992
7992
7992
7992
7992
7992
7992
7992
7992
7992
7992
7992
7992
7992
7992
7992
7992
7992
7992
7992
7992
7992
7992
7992
7992
7992
7992
7992
7992
7992
7992
7992
7992
7992
7992
7992
7992
7992
7992
7992
7992
7992
7992
7992
7992
7992
7992
7992
7992
7992
7992
7992
7992
4000
3996
3996
3996
3996
3996
3996
3996
3996
3996
3996
3996
3996
3996
3996
3996
3996
3996
3996
3996
3996
3996
3996
3996
3996
3996
3996
3996
3996
3996
3996
3996
3996
3996
3996
3996
3996
3996
3996
3996
3996
3996
3996
3996
3996
3996
3996
3996
3996
3996
3996
3996
3996
3996
3996
3996
3996
3996
3996
3996
3996
3996
3996
3996
3996
3996
3996
3996
3996
3996
3996
3996
3996
3996
3996
3996
3996
3996
3996
3996
3996
3996
3996
3996
3996
3996
3996
3996
3996
3996
3996
3996
3996
3996
3996
3996
3996
3996
3996
3996
3996
3996
3996
3996
3996
3996
3996
3996
3996
3996
3996
3996
3996
3996
3996
3996
3996
3996
3996
3996
3996
3996
3996
3996
3996
3996
3996
3996
3996
3996
3996
3996
3996
3996
3996
3996
3996
3996
3996
3996
3996
3996
3996
3996
3996
3996
3996
3996
3996
3996
3996
3996
3996
3996
3996
3996
3996
3996
3996
3996
3996
3996
3996
3996
3996
3996
3996
3996
3996
3996
3996
3996
3996
3996
3996
3996
3996
3996
3996
3996
3996
3996
3996
3996
3996
3996
3996
3996
3996
3996
3996
3996
3996
3996
3996
3996
3996
3996
3996
3996
3996
3996
3996
3996
3996
3996
3996
3996
3996
3996
3996
3996
3996
3996
3996
3996
3996
3996
3996
3996
3996
3996
3996
3996
3996
3996
3996
3996
3996
3996
3996
3996
3996
3996
3996
3996
3996
3996
3996
3996
3996
3996
3996
3996
3996
3996
3996
3996
3996
3996
3996
3996
3996
3996
3996
3996
3996
3996
3996
3996
3996
3996
3996
3996
3996
3996
3996
3996
3996
3996
3996
3996
3996
3996
3996
3996
3996
3996
3996
3996
3996
3996
3996
3996
3996
3996
3996
3996
3996
3996
3996
3996
3996
3996
3996
3996
3996
3996
3996
3996
3996
3996
3996
3996
3996
3996
3996
3996
3996
3996
3996
3996
3996
3996
3996
3996
3996
3996
3996
3996
3996
3996
3996
3996
3996
3996
3996
3996
3996
3996
3996
3996
3996
3996
3996
3996
3996
3996
3996
3996
3996
3996
3996
3996
3996
3996
3996
3996
3996
3996
3996
3996
3996
3996
3996
3996
3996
3996
3996
3996
3996
3996
3996
3996
3996
3996
3996
3996
3996
3996
3996
3996
3996
3996
3996
3996
3996
3996
3996
3996
3996
3996
3996
3996
3996
3996
3996
3996
3996
3996
3996
3996
3996
3996
3996
3996
3996
3996
3996
3996
3996
3996
3996
3996
3996
3996
3996
3996
3996
3996
3996
3996
3996
3996
3996
3996
3996
3996
3996
3996
3996
3996
3996
3996
3996
3996
3996
3996
3996
3996
3996
3996
3996
3996
3996
3996
3996
3996
3996
3996
3996
3996
3996
3996
3996
3996
3996
3996
3996
3996
3996
3996
3996
3996
3996
3996
3996
3996
3996
3996
3996
3996
3996
3996
3996
3996
3996
3996
3996
3996
3996
3996
3996
3996
3996
3996
3996
3996
3996
3996
3996
3996
3996
3996
3996
3996
3996
3996
3996
3996
3996
3996
3996
3996
3996
3996
3996
3996
3996
3996
3996
